[0531/083158:ERROR:process_reader_win.cc(233)] ReadMemory at 0x777a4f4c of 37 bytes failed: Somente uma parte de um pedido ReadProcessMemory ou WriteProcessMemory foi concluída. (0x12B)
[0531/083158:WARNING:pe_image_reader.cc(155)] could not read debug directory from C:\WINDOWS\SYSTEM32\powrprof.dll
[0531/083158:ERROR:process_reader_win.cc(233)] ReadMemory at 0x76f50000 of 64 bytes failed: Somente uma parte de um pedido ReadProcessMemory ou WriteProcessMemory foi concluída. (0x12B)
[0531/083158:WARNING:pe_image_reader.cc(281)] could not read dos header from C:\WINDOWS\SYSTEM32\windows.storage.dll
[0531/083158:ERROR:process_reader_win.cc(233)] ReadMemory at 0x74e80000 of 64 bytes failed: Somente uma parte de um pedido ReadProcessMemory ou WriteProcessMemory foi concluída. (0x12B)
[0531/083158:WARNING:pe_image_reader.cc(281)] could not read dos header from C:\WINDOWS\SYSTEM32\SHELL32.dll
[0531/083158:ERROR:process_reader_win.cc(233)] ReadMemory at 0x74ba0000 of 64 bytes failed: Somente uma parte de um pedido ReadProcessMemory ou WriteProcessMemory foi concluída. (0x12B)
[0531/083158:WARNING:pe_image_reader.cc(281)] could not read dos header from C:\WINDOWS\SYSTEM32\PSAPI.DLL
[0531/083158:ERROR:process_reader_win.cc(233)] ReadMemory at 0x73930000 of 64 bytes failed: Somente uma parte de um pedido ReadProcessMemory ou WriteProcessMemory foi concluída. (0x12B)
[0531/083158:WARNING:pe_image_reader.cc(281)] could not read dos header from C:\WINDOWS\SYSTEM32\bcrypt.dll
[0531/083158:ERROR:process_reader_win.cc(233)] ReadMemory at 0x70840000 of 64 bytes failed: Somente uma parte de um pedido ReadProcessMemory ou WriteProcessMemory foi concluída. (0x12B)
[0531/083158:WARNING:pe_image_reader.cc(281)] could not read dos header from C:\WINDOWS\SYSTEM32\WINSPOOL.DRV
[0531/083158:ERROR:process_reader_win.cc(233)] ReadMemory at 0x710b0000 of 64 bytes failed: Somente uma parte de um pedido ReadProcessMemory ou WriteProcessMemory foi concluída. (0x12B)
[0531/083158:WARNING:pe_image_reader.cc(281)] could not read dos header from C:\WINDOWS\WinSxS\x86_microsoft.windows.common-controls_6595b64144ccf1df_6.0.10586.0_none_d3c2e4e965da4528\COMCTL32.dll
[0531/083158:ERROR:process_reader_win.cc(233)] ReadMemory at 0x76a20000 of 64 bytes failed: Somente uma parte de um pedido ReadProcessMemory ou WriteProcessMemory foi concluída. (0x12B)
[0531/083158:WARNING:pe_image_reader.cc(281)] could not read dos header from C:\WINDOWS\SYSTEM32\FirewallAPI.dll
[0531/083158:ERROR:process_reader_win.cc(233)] ReadMemory at 0x64b00000 of 64 bytes failed: Somente uma parte de um pedido ReadProcessMemory ou WriteProcessMemory foi concluída. (0x12B)
[0531/083158:WARNING:pe_image_reader.cc(281)] could not read dos header from C:\WINDOWS\SYSTEM32\fwbase.dll
[0531/083158:ERROR:process_reader_win.cc(233)] ReadMemory at 0x77780000 of 64 bytes failed: Somente uma parte de um pedido ReadProcessMemory ou WriteProcessMemory foi concluída. (0x12B)
[0531/083158:WARNING:pe_image_reader.cc(281)] could not read dos header from C:\WINDOWS\SYSTEM32\NETAPI32.dll
[0531/083158:ERROR:process_reader_win.cc(233)] ReadMemory at 0x70290000 of 64 bytes failed: Somente uma parte de um pedido ReadProcessMemory ou WriteProcessMemory foi concluída. (0x12B)
[0531/083158:WARNING:pe_image_reader.cc(281)] could not read dos header from C:\WINDOWS\SYSTEM32\DAVHLPR.DLL
[0531/083158:ERROR:process_reader_win.cc(233)] ReadMemory at 0x77570000 of 64 bytes failed: Somente uma parte de um pedido ReadProcessMemory ou WriteProcessMemory foi concluída. (0x12B)
[0531/083158:WARNING:pe_image_reader.cc(281)] could not read dos header from C:\WINDOWS\SYSTEM32\COMDLG32.dll
[0531/083158:ERROR:process_reader_win.cc(233)] ReadMemory at 0x76280000 of 64 bytes failed: Somente uma parte de um pedido ReadProcessMemory ou WriteProcessMemory foi concluída. (0x12B)
[0531/083158:WARNING:pe_image_reader.cc(281)] could not read dos header from C:\WINDOWS\SYSTEM32\ole32.dll
[0531/083158:ERROR:process_reader_win.cc(233)] ReadMemory at 0x745c0000 of 64 bytes failed: Somente uma parte de um pedido ReadProcessMemory ou WriteProcessMemory foi concluída. (0x12B)
[0531/083158:WARNING:pe_image_reader.cc(281)] could not read dos header from C:\WINDOWS\SYSTEM32\OLEAUT32.dll
[0531/083158:ERROR:process_reader_win.cc(233)] ReadMemory at 0x73ea0000 of 64 bytes failed: Somente uma parte de um pedido ReadProcessMemory ou WriteProcessMemory foi concluída. (0x12B)
[0531/083158:WARNING:pe_image_reader.cc(281)] could not read dos header from C:\WINDOWS\SYSTEM32\IPHLPAPI.DLL
[0531/083158:ERROR:process_reader_win.cc(233)] ReadMemory at 0x74710000 of 64 bytes failed: Somente uma parte de um pedido ReadProcessMemory ou WriteProcessMemory foi concluída. (0x12B)
[0531/083158:WARNING:pe_image_reader.cc(281)] could not read dos header from C:\WINDOWS\SYSTEM32\WS2_32.dll
[0531/083158:ERROR:process_reader_win.cc(233)] ReadMemory at 0x70360000 of 64 bytes failed: Somente uma parte de um pedido ReadProcessMemory ou WriteProcessMemory foi concluída. (0x12B)
[0531/083158:WARNING:pe_image_reader.cc(281)] could not read dos header from C:\WINDOWS\SYSTEM32\USP10.dll
[0531/083158:ERROR:process_reader_win.cc(233)] ReadMemory at 0x74d00000 of 64 bytes failed: Somente uma parte de um pedido ReadProcessMemory ou WriteProcessMemory foi concluída. (0x12B)
[0531/083158:WARNING:pe_image_reader.cc(281)] could not read dos header from C:\WINDOWS\SYSTEM32\MSASN1.dll
[0531/083158:ERROR:process_reader_win.cc(233)] ReadMemory at 0x76370000 of 64 bytes failed: Somente uma parte de um pedido ReadProcessMemory ou WriteProcessMemory foi concluída. (0x12B)
[0531/083158:WARNING:pe_image_reader.cc(281)] could not read dos header from C:\WINDOWS\SYSTEM32\CRYPT32.dll
[0531/083158:ERROR:process_reader_win.cc(233)] ReadMemory at 0x769d0000 of 64 bytes failed: Somente uma parte de um pedido ReadProcessMemory ou WriteProcessMemory foi concluída. (0x12B)
[0531/083158:WARNING:pe_image_reader.cc(281)] could not read dos header from C:\WINDOWS\SYSTEM32\WINTRUST.dll
[0531/083158:ERROR:process_reader_win.cc(233)] ReadMemory at 0x72050000 of 64 bytes failed: Somente uma parte de um pedido ReadProcessMemory ou WriteProcessMemory foi concluída. (0x12B)
[0531/083158:WARNING:pe_image_reader.cc(281)] could not read dos header from C:\WINDOWS\SYSTEM32\Secur32.dll
[0531/083158:ERROR:process_reader_win.cc(233)] ReadMemory at 0x19d0000 of 64 bytes failed: Somente uma parte de um pedido ReadProcessMemory ou WriteProcessMemory foi concluída. (0x12B)
[0531/083158:WARNING:pe_image_reader.cc(281)] could not read dos header from C:\Program Files (x86)\Google\Chrome\Application\52.0.2743.10\chrome_child.dll
[0531/083158:ERROR:process_reader_win.cc(233)] ReadMemory at 0x649e0000 of 64 bytes failed: Somente uma parte de um pedido ReadProcessMemory ou WriteProcessMemory foi concluída. (0x12B)
[0531/083158:WARNING:pe_image_reader.cc(281)] could not read dos header from C:\Program Files\AVAST Software\Avast\aswJsFlt.dll
[0531/083158:ERROR:process_reader_win.cc(233)] ReadMemory at 0x74230000 of 64 bytes failed: Somente uma parte de um pedido ReadProcessMemory ou WriteProcessMemory foi concluída. (0x12B)
[0531/083158:WARNING:pe_image_reader.cc(281)] could not read dos header from C:\WINDOWS\WinSxS\x86_avast.vc110.crt_2036b14a11e83e4a_11.0.60610.1_none_1d37a43bbfe1dc9c\MSVCR110.dll
[0531/083158:ERROR:process_reader_win.cc(233)] ReadMemory at 0x74310000 of 64 bytes failed: Somente uma parte de um pedido ReadProcessMemory ou WriteProcessMemory foi concluída. (0x12B)
[0531/083158:WARNING:pe_image_reader.cc(281)] could not read dos header from C:\PROGRA~1\AVASTS~1\Avast\aswCmnIS.dll
[0531/083158:ERROR:process_reader_win.cc(233)] ReadMemory at 0x74370000 of 64 bytes failed: Somente uma parte de um pedido ReadProcessMemory ou WriteProcessMemory foi concluída. (0x12B)
[0531/083158:WARNING:pe_image_reader.cc(281)] could not read dos header from C:\WINDOWS\WinSxS\x86_avast.vc110.crt_2036b14a11e83e4a_11.0.60610.1_none_1d37a43bbfe1dc9c\MSVCP110.dll
[0531/083158:ERROR:process_reader_win.cc(233)] ReadMemory at 0x74200000 of 64 bytes failed: Somente uma parte de um pedido ReadProcessMemory ou WriteProcessMemory foi concluída. (0x12B)
[0531/083158:WARNING:pe_image_reader.cc(281)] could not read dos header from C:\PROGRA~1\AVASTS~1\Avast\aswCmnOS.dll
[0531/083158:ERROR:process_reader_win.cc(233)] ReadMemory at 0x74510000 of 64 bytes failed: Somente uma parte de um pedido ReadProcessMemory ou WriteProcessMemory foi concluída. (0x12B)
[0531/083158:WARNING:pe_image_reader.cc(281)] could not read dos header from C:\PROGRA~1\AVASTS~1\Avast\aswCmnBS.dll
[0531/083158:ERROR:process_reader_win.cc(233)] ReadMemory at 0x74570000 of 64 bytes failed: Somente uma parte de um pedido ReadProcessMemory ou WriteProcessMemory foi concluída. (0x12B)
[0531/083158:WARNING:pe_image_reader.cc(281)] could not read dos header from C:\PROGRA~1\AVASTS~1\Avast\log.dll
[0531/083158:ERROR:process_reader_win.cc(233)] ReadMemory at 0x74660000 of 64 bytes failed: Somente uma parte de um pedido ReadProcessMemory ou WriteProcessMemory foi concluída. (0x12B)
[0531/083158:WARNING:pe_image_reader.cc(281)] could not read dos header from C:\WINDOWS\SYSTEM32\NSI.dll
[0531/083158:ERROR:process_reader_win.cc(233)] ReadMemory at 0x73e10000 of 64 bytes failed: Somente uma parte de um pedido ReadProcessMemory ou WriteProcessMemory foi concluída. (0x12B)
[0531/083158:WARNING:pe_image_reader.cc(281)] could not read dos header from C:\WINDOWS\SYSTEM32\DNSAPI.dll
[0531/083158:ERROR:process_reader_win.cc(233)] ReadMemory at 0x73ed0000 of 64 bytes failed: Somente uma parte de um pedido ReadProcessMemory ou WriteProcessMemory foi concluída. (0x12B)
[0531/083158:WARNING:pe_image_reader.cc(281)] could not read dos header from C:\PROGRA~1\AVASTS~1\Avast\commchannel.dll
[0531/083158:ERROR:process_reader_win.cc(233)] ReadMemory at 0x73730000 of 64 bytes failed: Somente uma parte de um pedido ReadProcessMemory ou WriteProcessMemory foi concluída. (0x12B)
[0531/083158:WARNING:pe_image_reader.cc(281)] could not read dos header from C:\PROGRA~1\AVASTS~1\Avast\JsonRpcServer.dll
[0531/083158:ERROR:process_reader_win.cc(233)] ReadMemory at 0x741c0000 of 64 bytes failed: Somente uma parte de um pedido ReadProcessMemory ou WriteProcessMemory foi concluída. (0x12B)
[0531/083158:WARNING:pe_image_reader.cc(281)] could not read dos header from C:\PROGRA~1\AVASTS~1\Avast\avastIP.dll
[0531/083158:ERROR:process_reader_win.cc(233)] ReadMemory at 0x741e0000 of 64 bytes failed: Somente uma parte de um pedido ReadProcessMemory ou WriteProcessMemory foi concluída. (0x12B)
[0531/083158:WARNING:pe_image_reader.cc(281)] could not read dos header from C:\PROGRA~1\AVASTS~1\Avast\aswEngLdr.dll
[0531/083158:ERROR:process_reader_win.cc(233)] ReadMemory at 0x73020000 of 64 bytes failed: Somente uma parte de um pedido ReadProcessMemory ou WriteProcessMemory foi concluída. (0x12B)
[0531/083158:WARNING:pe_image_reader.cc(281)] could not read dos header from C:\PROGRA~1\AVASTS~1\Avast\AavmRpch.dll
[0531/083158:ERROR:process_reader_win.cc(233)] ReadMemory at 0x73f70000 of 64 bytes failed: Somente uma parte de um pedido ReadProcessMemory ou WriteProcessMemory foi concluída. (0x12B)
[0531/083158:WARNING:pe_image_reader.cc(281)] could not read dos header from C:\WINDOWS\SYSTEM32\WSOCK32.dll
[0531/083158:ERROR:process_reader_win.cc(233)] ReadMemory at 0x74790000 of 64 bytes failed: Somente uma parte de um pedido ReadProcessMemory ou WriteProcessMemory foi concluída. (0x12B)
[0531/083158:WARNING:pe_image_reader.cc(281)] could not read dos header from C:\WINDOWS\SYSTEM32\SETUPAPI.dll
[0531/083158:ERROR:process_reader_win.cc(233)] ReadMemory at 0x73f90000 of 64 bytes failed: Somente uma parte de um pedido ReadProcessMemory ou WriteProcessMemory foi concluída. (0x12B)
[0531/083158:WARNING:pe_image_reader.cc(281)] could not read dos header from C:\WINDOWS\SYSTEM32\WININET.dll
[0531/083158:ERROR:process_reader_win.cc(233)] ReadMemory at 0x74400000 of 64 bytes failed: Somente uma parte de um pedido ReadProcessMemory ou WriteProcessMemory foi concluída. (0x12B)
[0531/083158:WARNING:pe_image_reader.cc(281)] could not read dos header from C:\PROGRA~1\AVASTS~1\Avast\ashBase.dll
[0531/083158:ERROR:process_reader_win.cc(233)] ReadMemory at 0x73140000 of 64 bytes failed: Somente uma parte de um pedido ReadProcessMemory ou WriteProcessMemory foi concluída. (0x12B)
[0531/083158:WARNING:pe_image_reader.cc(281)] could not read dos header from C:\PROGRA~1\AVASTS~1\Avast\aswAux.dll
[0531/083158:ERROR:process_reader_win.cc(233)] ReadMemory at 0x732c0000 of 64 bytes failed: Somente uma parte de um pedido ReadProcessMemory ou WriteProcessMemory foi concluída. (0x12B)
[0531/083158:WARNING:pe_image_reader.cc(281)] could not read dos header from C:\PROGRA~1\AVASTS~1\Avast\ashTask.dll
[0531/083158:ERROR:process_reader_win.cc(233)] ReadMemory at 0x73000000 of 64 bytes failed: Somente uma parte de um pedido ReadProcessMemory ou WriteProcessMemory foi concluída. (0x12B)
[0531/083158:WARNING:pe_image_reader.cc(281)] could not read dos header from C:\WINDOWS\SYSTEM32\SRVCLI.DLL
[0531/083158:ERROR:process_reader_win.cc(233)] ReadMemory at 0x72ff0000 of 64 bytes failed: Somente uma parte de um pedido ReadProcessMemory ou WriteProcessMemory foi concluída. (0x12B)
[0531/083158:WARNING:pe_image_reader.cc(281)] could not read dos header from C:\WINDOWS\SYSTEM32\NETUTILS.DLL
[0531/083158:ERROR:process_reader_win.cc(233)] ReadMemory at 0x733e0000 of 64 bytes failed: Somente uma parte de um pedido ReadProcessMemory ou WriteProcessMemory foi concluída. (0x12B)
[0531/083158:WARNING:pe_image_reader.cc(281)] could not read dos header from C:\PROGRA~1\AVASTS~1\Avast\Aavm4h.dll
[0531/083158:ERROR:process_reader_win.cc(233)] ReadMemory at 0x6a390000 of 64 bytes failed: Somente uma parte de um pedido ReadProcessMemory ou WriteProcessMemory foi concluída. (0x12B)
[0531/083158:WARNING:pe_image_reader.cc(281)] could not read dos header from C:\WINDOWS\SYSTEM32\dwrite.dll
[0531/083158:ERROR:process_reader_win.cc(233)] ReadMemory at 0x7797ab80 of 5888 bytes failed: Somente uma parte de um pedido ReadProcessMemory ou WriteProcessMemory foi concluída. (0x12B)
[0531/083158:ERROR:process_reader_win.cc(233)] ReadMemory at 0x310000 of 64 bytes failed: Somente uma parte de um pedido ReadProcessMemory ou WriteProcessMemory foi concluída. (0x12B)
[0531/083158:WARNING:pe_image_reader.cc(281)] could not read dos header from C:\Program Files (x86)\Google\Chrome\Application\chrome.exe
[0531/083158:ERROR:process_reader_win.cc(233)] ReadMemory at 0x77870000 of 64 bytes failed: Somente uma parte de um pedido ReadProcessMemory ou WriteProcessMemory foi concluída. (0x12B)
[0531/083158:WARNING:pe_image_reader.cc(281)] could not read dos header from C:\WINDOWS\SYSTEM32\ntdll.dll
[0531/083158:ERROR:process_reader_win.cc(233)] ReadMemory at 0x76b60000 of 64 bytes failed: Somente uma parte de um pedido ReadProcessMemory ou WriteProcessMemory foi concluída. (0x12B)
[0531/083158:WARNING:pe_image_reader.cc(281)] could not read dos header from C:\WINDOWS\SYSTEM32\KERNELBASE.dll
[0531/083158:ERROR:process_reader_win.cc(233)] ReadMemory at 0x74da0000 of 64 bytes failed: Somente uma parte de um pedido ReadProcessMemory ou WriteProcessMemory foi concluída. (0x12B)
[0531/083158:WARNING:pe_image_reader.cc(281)] could not read dos header from C:\WINDOWS\SYSTEM32\KERNEL32.dll
[0531/083158:ERROR:process_reader_win.cc(233)] ReadMemory at 0x6f3d0000 of 64 bytes failed: Somente uma parte de um pedido ReadProcessMemory ou WriteProcessMemory foi concluída. (0x12B)
[0531/083158:WARNING:pe_image_reader.cc(281)] could not read dos header from C:\WINDOWS\system32\apphelp.dll
[0531/083158:ERROR:process_reader_win.cc(233)] ReadMemory at 0x76910000 of 64 bytes failed: Somente uma parte de um pedido ReadProcessMemory ou WriteProcessMemory foi concluída. (0x12B)
[0531/083158:WARNING:pe_image_reader.cc(281)] could not read dos header from C:\WINDOWS\SYSTEM32\msvcrt.dll
[0531/083158:ERROR:process_reader_win.cc(233)] ReadMemory at 0x76640000 of 64 bytes failed: Somente uma parte de um pedido ReadProcessMemory ou WriteProcessMemory foi concluída. (0x12B)
[0531/083158:WARNING:pe_image_reader.cc(281)] could not read dos header from C:\WINDOWS\SYSTEM32\bcryptPrimitives.dll
[0531/083158:ERROR:process_reader_win.cc(233)] ReadMemory at 0x74590000 of 64 bytes failed: Somente uma parte de um pedido ReadProcessMemory ou WriteProcessMemory foi concluída. (0x12B)
[0531/083158:WARNING:pe_image_reader.cc(281)] could not read dos header from C:\WINDOWS\SYSTEM32\CRYPTBASE.dll
[0531/083158:ERROR:process_reader_win.cc(233)] ReadMemory at 0x745a0000 of 64 bytes failed: Somente uma parte de um pedido ReadProcessMemory ou WriteProcessMemory foi concluída. (0x12B)
[0531/083158:WARNING:pe_image_reader.cc(281)] could not read dos header from C:\WINDOWS\SYSTEM32\SspiCli.dll
[0531/083158:ERROR:process_reader_win.cc(233)] ReadMemory at 0x76a80000 of 64 bytes failed: Somente uma parte de um pedido ReadProcessMemory ou WriteProcessMemory foi concluída. (0x12B)
[0531/083158:WARNING:pe_image_reader.cc(281)] could not read dos header from C:\WINDOWS\SYSTEM32\RPCRT4.dll
[0531/083158:ERROR:process_reader_win.cc(233)] ReadMemory at 0x768c0000 of 64 bytes failed: Somente uma parte de um pedido ReadProcessMemory ou WriteProcessMemory foi concluída. (0x12B)
[0531/083158:WARNING:pe_image_reader.cc(281)] could not read dos header from C:\WINDOWS\SYSTEM32\sechost.dll
[0531/083158:ERROR:process_reader_win.cc(233)] ReadMemory at 0x77670000 of 64 bytes failed: Somente uma parte de um pedido ReadProcessMemory ou WriteProcessMemory foi concluída. (0x12B)
[0531/083158:WARNING:pe_image_reader.cc(281)] could not read dos header from C:\WINDOWS\SYSTEM32\ADVAPI32.dll
[0531/083158:ERROR:process_reader_win.cc(233)] ReadMemory at 0x64a50000 of 64 bytes failed: Somente uma parte de um pedido ReadProcessMemory ou WriteProcessMemory foi concluída. (0x12B)
[0531/083158:WARNING:pe_image_reader.cc(281)] could not read dos header from C:\Program Files (x86)\Google\Chrome\Application\52.0.2743.10\chrome_elf.dll
[0531/083158:ERROR:process_reader_win.cc(233)] ReadMemory at 0x73f80000 of 64 bytes failed: Somente uma parte de um pedido ReadProcessMemory ou WriteProcessMemory foi concluída. (0x12B)
[0531/083158:WARNING:pe_image_reader.cc(281)] could not read dos header from C:\WINDOWS\SYSTEM32\VERSION.dll
[0531/083158:ERROR:process_reader_win.cc(233)] ReadMemory at 0x76e50000 of 64 bytes failed: Somente uma parte de um pedido ReadProcessMemory ou WriteProcessMemory foi concluída. (0x12B)
[0531/083158:WARNING:pe_image_reader.cc(281)] could not read dos header from C:\WINDOWS\SYSTEM32\cfgmgr32.dll
[0531/083158:ERROR:process_reader_win.cc(233)] ReadMemory at 0x71ff0000 of 64 bytes failed: Somente uma parte de um pedido ReadProcessMemory ou WriteProcessMemory foi concluída. (0x12B)
[0531/083158:WARNING:pe_image_reader.cc(281)] could not read dos header from C:\WINDOWS\SYSTEM32\WINMMBASE.dll
[0531/083158:ERROR:process_reader_win.cc(233)] ReadMemory at 0x74bb0000 of 64 bytes failed: Somente uma parte de um pedido ReadProcessMemory ou WriteProcessMemory foi concluída. (0x12B)
[0531/083158:WARNING:pe_image_reader.cc(281)] could not read dos header from C:\WINDOWS\SYSTEM32\GDI32.dll
[0531/083158:ERROR:process_reader_win.cc(233)] ReadMemory at 0x764f0000 of 64 bytes failed: Somente uma parte de um pedido ReadProcessMemory ou WriteProcessMemory foi concluída. (0x12B)
[0531/083158:WARNING:pe_image_reader.cc(281)] could not read dos header from C:\WINDOWS\SYSTEM32\USER32.dll
[0531/083158:ERROR:process_reader_win.cc(233)] ReadMemory at 0x76b30000 of 64 bytes failed: Somente uma parte de um pedido ReadProcessMemory ou WriteProcessMemory foi concluída. (0x12B)
[0531/083158:WARNING:pe_image_reader.cc(281)] could not read dos header from C:\WINDOWS\SYSTEM32\IMM32.DLL
[0531/083158:ERROR:process_reader_win.cc(233)] ReadMemory at 0x72020000 of 64 bytes failed: Somente uma parte de um pedido ReadProcessMemory ou WriteProcessMemory foi concluída. (0x12B)
[0531/083158:WARNING:pe_image_reader.cc(281)] could not read dos header from C:\WINDOWS\SYSTEM32\WINMM.dll
[0531/083158:ERROR:process_reader_win.cc(233)] ReadMemory at 0x77860000 of 64 bytes failed: Somente uma parte de um pedido ReadProcessMemory ou WriteProcessMemory foi concluída. (0x12B)
[0531/083158:WARNING:pe_image_reader.cc(281)] could not read dos header from C:\WINDOWS\SYSTEM32\profapi.dll
[0531/083158:ERROR:process_reader_win.cc(233)] ReadMemory at 0x73080000 of 64 bytes failed: Somente uma parte de um pedido ReadProcessMemory ou WriteProcessMemory foi concluída. (0x12B)
[0531/083158:WARNING:pe_image_reader.cc(281)] could not read dos header from C:\WINDOWS\SYSTEM32\USERENV.dll
[0531/083158:ERROR:process_reader_win.cc(233)] ReadMemory at 0x73b00000 of 64 bytes failed: Somente uma parte de um pedido ReadProcessMemory ou WriteProcessMemory foi concluída. (0x12B)
[0531/083158:WARNING:pe_image_reader.cc(281)] could not read dos header from C:\WINDOWS\SYSTEM32\WTSAPI32.dll
[0531/083158:ERROR:process_reader_win.cc(233)] ReadMemory at 0x73d70000 of 64 bytes failed: Somente uma parte de um pedido ReadProcessMemory ou WriteProcessMemory foi concluída. (0x12B)
[0531/083158:WARNING:pe_image_reader.cc(281)] could not read dos header from C:\WINDOWS\SYSTEM32\WINHTTP.dll
[0531/083158:ERROR:process_reader_win.cc(233)] ReadMemory at 0x76700000 of 64 bytes failed: Somente uma parte de um pedido ReadProcessMemory ou WriteProcessMemory foi concluída. (0x12B)
[0531/083158:WARNING:pe_image_reader.cc(281)] could not read dos header from C:\WINDOWS\SYSTEM32\combase.dll
[0531/083158:ERROR:process_reader_win.cc(233)] ReadMemory at 0x76e90000 of 64 bytes failed: Somente uma parte de um pedido ReadProcessMemory ou WriteProcessMemory foi concluída. (0x12B)
[0531/083158:WARNING:pe_image_reader.cc(281)] could not read dos header from C:\WINDOWS\SYSTEM32\shlwapi.dll
[0531/083158:ERROR:process_reader_win.cc(233)] ReadMemory at 0x76ee0000 of 64 bytes failed: Somente uma parte de um pedido ReadProcessMemory ou WriteProcessMemory foi concluída. (0x12B)
[0531/083158:WARNING:pe_image_reader.cc(281)] could not read dos header from C:\WINDOWS\SYSTEM32\kernel.appcore.dll
[0531/083158:ERROR:process_reader_win.cc(233)] ReadMemory at 0x74d10000 of 64 bytes failed: Somente uma parte de um pedido ReadProcessMemory ou WriteProcessMemory foi concluída. (0x12B)
[0531/083158:WARNING:pe_image_reader.cc(281)] could not read dos header from C:\WINDOWS\SYSTEM32\shcore.dll
[0531/083158:ERROR:process_reader_win.cc(233)] ReadMemory at 0x777a0000 of 64 bytes failed: Somente uma parte de um pedido ReadProcessMemory ou WriteProcessMemory foi concluída. (0x12B)
[0531/083158:WARNING:pe_image_reader.cc(281)] could not read dos header from C:\WINDOWS\SYSTEM32\powrprof.dll
[0531/083158:ERROR:process_reader_win.cc(233)] ReadMemory at 0x76f50000 of 64 bytes failed: Somente uma parte de um pedido ReadProcessMemory ou WriteProcessMemory foi concluída. (0x12B)
[0531/083158:WARNING:pe_image_reader.cc(281)] could not read dos header from C:\WINDOWS\SYSTEM32\windows.storage.dll
[0531/083158:ERROR:process_reader_win.cc(233)] ReadMemory at 0x74e80000 of 64 bytes failed: Somente uma parte de um pedido ReadProcessMemory ou WriteProcessMemory foi concluída. (0x12B)
[0531/083158:WARNING:pe_image_reader.cc(281)] could not read dos header from C:\WINDOWS\SYSTEM32\SHELL32.dll
[0531/083158:ERROR:process_reader_win.cc(233)] ReadMemory at 0x74ba0000 of 64 bytes failed: Somente uma parte de um pedido ReadProcessMemory ou WriteProcessMemory foi concluída. (0x12B)
[0531/083158:WARNING:pe_image_reader.cc(281)] could not read dos header from C:\WINDOWS\SYSTEM32\PSAPI.DLL
[0531/083158:ERROR:process_reader_win.cc(233)] ReadMemory at 0x73930000 of 64 bytes failed: Somente uma parte de um pedido ReadProcessMemory ou WriteProcessMemory foi concluída. (0x12B)
[0531/083158:WARNING:pe_image_reader.cc(281)] could not read dos header from C:\WINDOWS\SYSTEM32\bcrypt.dll
[0531/083158:ERROR:process_reader_win.cc(233)] ReadMemory at 0x70840000 of 64 bytes failed: Somente uma parte de um pedido ReadProcessMemory ou WriteProcessMemory foi concluída. (0x12B)
[0531/083158:WARNING:pe_image_reader.cc(281)] could not read dos header from C:\WINDOWS\SYSTEM32\WINSPOOL.DRV
[0531/083158:ERROR:process_reader_win.cc(233)] ReadMemory at 0x710b0000 of 64 bytes failed: Somente uma parte de um pedido ReadProcessMemory ou WriteProcessMemory foi concluída. (0x12B)
[0531/083158:WARNING:pe_image_reader.cc(281)] could not read dos header from C:\WINDOWS\WinSxS\x86_microsoft.windows.common-controls_6595b64144ccf1df_6.0.10586.0_none_d3c2e4e965da4528\COMCTL32.dll
[0531/083158:ERROR:process_reader_win.cc(233)] ReadMemory at 0x76a20000 of 64 bytes failed: Somente uma parte de um pedido ReadProcessMemory ou WriteProcessMemory foi concluída. (0x12B)
[0531/083158:WARNING:pe_image_reader.cc(281)] could not read dos header from C:\WINDOWS\SYSTEM32\FirewallAPI.dll
[0531/083158:ERROR:process_reader_win.cc(233)] ReadMemory at 0x64b00000 of 64 bytes failed: Somente uma parte de um pedido ReadProcessMemory ou WriteProcessMemory foi concluída. (0x12B)
[0531/083158:WARNING:pe_image_reader.cc(281)] could not read dos header from C:\WINDOWS\SYSTEM32\fwbase.dll
[0531/083158:ERROR:process_reader_win.cc(233)] ReadMemory at 0x77780000 of 64 bytes failed: Somente uma parte de um pedido ReadProcessMemory ou WriteProcessMemory foi concluída. (0x12B)
[0531/083158:WARNING:pe_image_reader.cc(281)] could not read dos header from C:\WINDOWS\SYSTEM32\NETAPI32.dll
[0531/083158:ERROR:process_reader_win.cc(233)] ReadMemory at 0x70290000 of 64 bytes failed: Somente uma parte de um pedido ReadProcessMemory ou WriteProcessMemory foi concluída. (0x12B)
[0531/083158:WARNING:pe_image_reader.cc(281)] could not read dos header from C:\WINDOWS\SYSTEM32\DAVHLPR.DLL
[0531/083158:ERROR:process_reader_win.cc(233)] ReadMemory at 0x77570000 of 64 bytes failed: Somente uma parte de um pedido ReadProcessMemory ou WriteProcessMemory foi concluída. (0x12B)
[0531/083158:WARNING:pe_image_reader.cc(281)] could not read dos header from C:\WINDOWS\SYSTEM32\COMDLG32.dll
[0531/083158:ERROR:process_reader_win.cc(233)] ReadMemory at 0x76280000 of 64 bytes failed: Somente uma parte de um pedido ReadProcessMemory ou WriteProcessMemory foi concluída. (0x12B)
[0531/083158:WARNING:pe_image_reader.cc(281)] could not read dos header from C:\WINDOWS\SYSTEM32\ole32.dll
[0531/083158:ERROR:process_reader_win.cc(233)] ReadMemory at 0x745c0000 of 64 bytes failed: Somente uma parte de um pedido ReadProcessMemory ou WriteProcessMemory foi concluída. (0x12B)
[0531/083158:WARNING:pe_image_reader.cc(281)] could not read dos header from C:\WINDOWS\SYSTEM32\OLEAUT32.dll
[0531/083158:ERROR:process_reader_win.cc(233)] ReadMemory at 0x73ea0000 of 64 bytes failed: Somente uma parte de um pedido ReadProcessMemory ou WriteProcessMemory foi concluída. (0x12B)
[0531/083158:WARNING:pe_image_reader.cc(281)] could not read dos header from C:\WINDOWS\SYSTEM32\IPHLPAPI.DLL
[0531/083158:ERROR:process_reader_win.cc(233)] ReadMemory at 0x74710000 of 64 bytes failed: Somente uma parte de um pedido ReadProcessMemory ou WriteProcessMemory foi concluída. (0x12B)
[0531/083158:WARNING:pe_image_reader.cc(281)] could not read dos header from C:\WINDOWS\SYSTEM32\WS2_32.dll
[0531/083158:ERROR:process_reader_win.cc(233)] ReadMemory at 0x70360000 of 64 bytes failed: Somente uma parte de um pedido ReadProcessMemory ou WriteProcessMemory foi concluída. (0x12B)
[0531/083158:WARNING:pe_image_reader.cc(281)] could not read dos header from C:\WINDOWS\SYSTEM32\USP10.dll
[0531/083158:ERROR:process_reader_win.cc(233)] ReadMemory at 0x74d00000 of 64 bytes failed: Somente uma parte de um pedido ReadProcessMemory ou WriteProcessMemory foi concluída. (0x12B)
[0531/083158:WARNING:pe_image_reader.cc(281)] could not read dos header from C:\WINDOWS\SYSTEM32\MSASN1.dll
[0531/083158:ERROR:process_reader_win.cc(233)] ReadMemory at 0x76370000 of 64 bytes failed: Somente uma parte de um pedido ReadProcessMemory ou WriteProcessMemory foi concluída. (0x12B)
[0531/083158:WARNING:pe_image_reader.cc(281)] could not read dos header from C:\WINDOWS\SYSTEM32\CRYPT32.dll
[0531/083158:ERROR:process_reader_win.cc(233)] ReadMemory at 0x769d0000 of 64 bytes failed: Somente uma parte de um pedido ReadProcessMemory ou WriteProcessMemory foi concluída. (0x12B)
[0531/083158:WARNING:pe_image_reader.cc(281)] could not read dos header from C:\WINDOWS\SYSTEM32\WINTRUST.dll
[0531/083158:ERROR:process_reader_win.cc(233)] ReadMemory at 0x72050000 of 64 bytes failed: Somente uma parte de um pedido ReadProcessMemory ou WriteProcessMemory foi concluída. (0x12B)
[0531/083158:WARNING:pe_image_reader.cc(281)] could not read dos header from C:\WINDOWS\SYSTEM32\Secur32.dll
[0531/083158:ERROR:process_reader_win.cc(233)] ReadMemory at 0x19d0000 of 64 bytes failed: Somente uma parte de um pedido ReadProcessMemory ou WriteProcessMemory foi concluída. (0x12B)
[0531/083158:WARNING:pe_image_reader.cc(281)] could not read dos header from C:\Program Files (x86)\Google\Chrome\Application\52.0.2743.10\chrome_child.dll
[0531/083158:ERROR:process_reader_win.cc(233)] ReadMemory at 0x649e0000 of 64 bytes failed: Somente uma parte de um pedido ReadProcessMemory ou WriteProcessMemory foi concluída. (0x12B)
[0531/083158:WARNING:pe_image_reader.cc(281)] could not read dos header from C:\Program Files\AVAST Software\Avast\aswJsFlt.dll
[0531/083158:ERROR:process_reader_win.cc(233)] ReadMemory at 0x74230000 of 64 bytes failed: Somente uma parte de um pedido ReadProcessMemory ou WriteProcessMemory foi concluída. (0x12B)
[0531/083158:WARNING:pe_image_reader.cc(281)] could not read dos header from C:\WINDOWS\WinSxS\x86_avast.vc110.crt_2036b14a11e83e4a_11.0.60610.1_none_1d37a43bbfe1dc9c\MSVCR110.dll
[0531/083158:ERROR:process_reader_win.cc(233)] ReadMemory at 0x74310000 of 64 bytes failed: Somente uma parte de um pedido ReadProcessMemory ou WriteProcessMemory foi concluída. (0x12B)
[0531/083158:WARNING:pe_image_reader.cc(281)] could not read dos header from C:\PROGRA~1\AVASTS~1\Avast\aswCmnIS.dll
[0531/083158:ERROR:process_reader_win.cc(233)] ReadMemory at 0x74370000 of 64 bytes failed: Somente uma parte de um pedido ReadProcessMemory ou WriteProcessMemory foi concluída. (0x12B)
[0531/083158:WARNING:pe_image_reader.cc(281)] could not read dos header from C:\WINDOWS\WinSxS\x86_avast.vc110.crt_2036b14a11e83e4a_11.0.60610.1_none_1d37a43bbfe1dc9c\MSVCP110.dll
[0531/083158:ERROR:process_reader_win.cc(233)] ReadMemory at 0x74200000 of 64 bytes failed: Somente uma parte de um pedido ReadProcessMemory ou WriteProcessMemory foi concluída. (0x12B)
[0531/083158:WARNING:pe_image_reader.cc(281)] could not read dos header from C:\PROGRA~1\AVASTS~1\Avast\aswCmnOS.dll
[0531/083158:ERROR:process_reader_win.cc(233)] ReadMemory at 0x74510000 of 64 bytes failed: Somente uma parte de um pedido ReadProcessMemory ou WriteProcessMemory foi concluída. (0x12B)
[0531/083158:WARNING:pe_image_reader.cc(281)] could not read dos header from C:\PROGRA~1\AVASTS~1\Avast\aswCmnBS.dll
[0531/083158:ERROR:process_reader_win.cc(233)] ReadMemory at 0x74570000 of 64 bytes failed: Somente uma parte de um pedido ReadProcessMemory ou WriteProcessMemory foi concluída. (0x12B)
[0531/083158:WARNING:pe_image_reader.cc(281)] could not read dos header from C:\PROGRA~1\AVASTS~1\Avast\log.dll
[0531/083158:ERROR:process_reader_win.cc(233)] ReadMemory at 0x74660000 of 64 bytes failed: Somente uma parte de um pedido ReadProcessMemory ou WriteProcessMemory foi concluída. (0x12B)
[0531/083158:WARNING:pe_image_reader.cc(281)] could not read dos header from C:\WINDOWS\SYSTEM32\NSI.dll
[0531/083158:ERROR:process_reader_win.cc(233)] ReadMemory at 0x73e10000 of 64 bytes failed: Somente uma parte de um pedido ReadProcessMemory ou WriteProcessMemory foi concluída. (0x12B)
[0531/083158:WARNING:pe_image_reader.cc(281)] could not read dos header from C:\WINDOWS\SYSTEM32\DNSAPI.dll
[0531/083158:ERROR:process_reader_win.cc(233)] ReadMemory at 0x73ed0000 of 64 bytes failed: Somente uma parte de um pedido ReadProcessMemory ou WriteProcessMemory foi concluída. (0x12B)
[0531/083158:WARNING:pe_image_reader.cc(281)] could not read dos header from C:\PROGRA~1\AVASTS~1\Avast\commchannel.dll
[0531/083158:ERROR:process_reader_win.cc(233)] ReadMemory at 0x73730000 of 64 bytes failed: Somente uma parte de um pedido ReadProcessMemory ou WriteProcessMemory foi concluída. (0x12B)
[0531/083158:WARNING:pe_image_reader.cc(281)] could not read dos header from C:\PROGRA~1\AVASTS~1\Avast\JsonRpcServer.dll
[0531/083158:ERROR:process_reader_win.cc(233)] ReadMemory at 0x741c0000 of 64 bytes failed: Somente uma parte de um pedido ReadProcessMemory ou WriteProcessMemory foi concluída. (0x12B)
[0531/083158:WARNING:pe_image_reader.cc(281)] could not read dos header from C:\PROGRA~1\AVASTS~1\Avast\avastIP.dll
[0531/083158:ERROR:process_reader_win.cc(233)] ReadMemory at 0x741e0000 of 64 bytes failed: Somente uma parte de um pedido ReadProcessMemory ou WriteProcessMemory foi concluída. (0x12B)
[0531/083158:WARNING:pe_image_reader.cc(281)] could not read dos header from C:\PROGRA~1\AVASTS~1\Avast\aswEngLdr.dll
[0531/083158:ERROR:process_reader_win.cc(233)] ReadMemory at 0x73020000 of 64 bytes failed: Somente uma parte de um pedido ReadProcessMemory ou WriteProcessMemory foi concluída. (0x12B)
[0531/083158:WARNING:pe_image_reader.cc(281)] could not read dos header from C:\PROGRA~1\AVASTS~1\Avast\AavmRpch.dll
[0531/083158:ERROR:process_reader_win.cc(233)] ReadMemory at 0x73f70000 of 64 bytes failed: Somente uma parte de um pedido ReadProcessMemory ou WriteProcessMemory foi concluída. (0x12B)
[0531/083158:WARNING:pe_image_reader.cc(281)] could not read dos header from C:\WINDOWS\SYSTEM32\WSOCK32.dll
[0531/083158:ERROR:process_reader_win.cc(233)] ReadMemory at 0x74790000 of 64 bytes failed: Somente uma parte de um pedido ReadProcessMemory ou WriteProcessMemory foi concluída. (0x12B)
[0531/083158:WARNING:pe_image_reader.cc(281)] could not read dos header from C:\WINDOWS\SYSTEM32\SETUPAPI.dll
[0531/083158:ERROR:process_reader_win.cc(233)] ReadMemory at 0x73f90000 of 64 bytes failed: Somente uma parte de um pedido ReadProcessMemory ou WriteProcessMemory foi concluída. (0x12B)
[0531/083158:WARNING:pe_image_reader.cc(281)] could not read dos header from C:\WINDOWS\SYSTEM32\WININET.dll
[0531/083158:ERROR:process_reader_win.cc(233)] ReadMemory at 0x74400000 of 64 bytes failed: Somente uma parte de um pedido ReadProcessMemory ou WriteProcessMemory foi concluída. (0x12B)
[0531/083158:WARNING:pe_image_reader.cc(281)] could not read dos header from C:\PROGRA~1\AVASTS~1\Avast\ashBase.dll
[0531/083158:ERROR:process_reader_win.cc(233)] ReadMemory at 0x73140000 of 64 bytes failed: Somente uma parte de um pedido ReadProcessMemory ou WriteProcessMemory foi concluída. (0x12B)
[0531/083158:WARNING:pe_image_reader.cc(281)] could not read dos header from C:\PROGRA~1\AVASTS~1\Avast\aswAux.dll
[0531/083158:ERROR:process_reader_win.cc(233)] ReadMemory at 0x732c0000 of 64 bytes failed: Somente uma parte de um pedido ReadProcessMemory ou WriteProcessMemory foi concluída. (0x12B)
[0531/083158:WARNING:pe_image_reader.cc(281)] could not read dos header from C:\PROGRA~1\AVASTS~1\Avast\ashTask.dll
[0531/083158:ERROR:process_reader_win.cc(233)] ReadMemory at 0x73000000 of 64 bytes failed: Somente uma parte de um pedido ReadProcessMemory ou WriteProcessMemory foi concluída. (0x12B)
[0531/083158:WARNING:pe_image_reader.cc(281)] could not read dos header from C:\WINDOWS\SYSTEM32\SRVCLI.DLL
[0531/083158:ERROR:process_reader_win.cc(233)] ReadMemory at 0x72ff0000 of 64 bytes failed: Somente uma parte de um pedido ReadProcessMemory ou WriteProcessMemory foi concluída. (0x12B)
[0531/083158:WARNING:pe_image_reader.cc(281)] could not read dos header from C:\WINDOWS\SYSTEM32\NETUTILS.DLL
[0531/083158:ERROR:process_reader_win.cc(233)] ReadMemory at 0x733e0000 of 64 bytes failed: Somente uma parte de um pedido ReadProcessMemory ou WriteProcessMemory foi concluída. (0x12B)
[0531/083158:WARNING:pe_image_reader.cc(281)] could not read dos header from C:\PROGRA~1\AVASTS~1\Avast\Aavm4h.dll
[0531/083158:ERROR:process_reader_win.cc(233)] ReadMemory at 0x6a390000 of 64 bytes failed: Somente uma parte de um pedido ReadProcessMemory ou WriteProcessMemory foi concluída. (0x12B)
[0531/083158:WARNING:pe_image_reader.cc(281)] could not read dos header from C:\WINDOWS\SYSTEM32\dwrite.dll
[0531/083158:ERROR:process_reader_win.cc(99)] process 16840 not found
[0531/083158:ERROR:process_reader_win.cc(233)] ReadMemory at 0x310000 of 64 bytes failed: Somente uma parte de um pedido ReadProcessMemory ou WriteProcessMemory foi concluída. (0x12B)
[0531/083158:WARNING:pe_image_reader.cc(281)] could not read dos header from C:\Program Files (x86)\Google\Chrome\Application\chrome.exe
[0531/083158:ERROR:process_reader_win.cc(233)] ReadMemory at 0x77870000 of 64 bytes failed: Somente uma parte de um pedido ReadProcessMemory ou WriteProcessMemory foi concluída. (0x12B)
[0531/083158:WARNING:pe_image_reader.cc(281)] could not read dos header from C:\WINDOWS\SYSTEM32\ntdll.dll
[0531/083158:ERROR:process_reader_win.cc(233)] ReadMemory at 0x76b60000 of 64 bytes failed: Somente uma parte de um pedido ReadProcessMemory ou WriteProcessMemory foi concluída. (0x12B)
[0531/083158:WARNING:pe_image_reader.cc(281)] could not read dos header from C:\WINDOWS\SYSTEM32\KERNELBASE.dll
[0531/083158:ERROR:process_reader_win.cc(233)] ReadMemory at 0x74da0000 of 64 bytes failed: Somente uma parte de um pedido ReadProcessMemory ou WriteProcessMemory foi concluída. (0x12B)
[0531/083158:WARNING:pe_image_reader.cc(281)] could not read dos header from C:\WINDOWS\SYSTEM32\KERNEL32.dll
[0531/083158:ERROR:process_reader_win.cc(233)] ReadMemory at 0x6f3d0000 of 64 bytes failed: Somente uma parte de um pedido ReadProcessMemory ou WriteProcessMemory foi concluída. (0x12B)
[0531/083158:WARNING:pe_image_reader.cc(281)] could not read dos header from C:\WINDOWS\system32\apphelp.dll
[0531/083158:ERROR:process_reader_win.cc(233)] ReadMemory at 0x76910000 of 64 bytes failed: Somente uma parte de um pedido ReadProcessMemory ou WriteProcessMemory foi concluída. (0x12B)
[0531/083158:WARNING:pe_image_reader.cc(281)] could not read dos header from C:\WINDOWS\SYSTEM32\msvcrt.dll
[0531/083158:ERROR:process_reader_win.cc(233)] ReadMemory at 0x76640000 of 64 bytes failed: Somente uma parte de um pedido ReadProcessMemory ou WriteProcessMemory foi concluída. (0x12B)
[0531/083158:WARNING:pe_image_reader.cc(281)] could not read dos header from C:\WINDOWS\SYSTEM32\bcryptPrimitives.dll
[0531/083158:ERROR:process_reader_win.cc(233)] ReadMemory at 0x74590000 of 64 bytes failed: Somente uma parte de um pedido ReadProcessMemory ou WriteProcessMemory foi concluída. (0x12B)
[0531/083158:WARNING:pe_image_reader.cc(281)] could not read dos header from C:\WINDOWS\SYSTEM32\CRYPTBASE.dll
[0531/083158:ERROR:process_reader_win.cc(233)] ReadMemory at 0x745a0000 of 64 bytes failed: Somente uma parte de um pedido ReadProcessMemory ou WriteProcessMemory foi concluída. (0x12B)
[0531/083158:WARNING:pe_image_reader.cc(281)] could not read dos header from C:\WINDOWS\SYSTEM32\SspiCli.dll
[0531/083158:ERROR:process_reader_win.cc(233)] ReadMemory at 0x76a80000 of 64 bytes failed: Somente uma parte de um pedido ReadProcessMemory ou WriteProcessMemory foi concluída. (0x12B)
[0531/083158:WARNING:pe_image_reader.cc(281)] could not read dos header from C:\WINDOWS\SYSTEM32\RPCRT4.dll
[0531/083158:ERROR:process_reader_win.cc(233)] ReadMemory at 0x768c0000 of 64 bytes failed: Somente uma parte de um pedido ReadProcessMemory ou WriteProcessMemory foi concluída. (0x12B)
[0531/083158:WARNING:pe_image_reader.cc(281)] could not read dos header from C:\WINDOWS\SYSTEM32\sechost.dll
[0531/083158:ERROR:process_reader_win.cc(233)] ReadMemory at 0x77670000 of 64 bytes failed: Somente uma parte de um pedido ReadProcessMemory ou WriteProcessMemory foi concluída. (0x12B)
[0531/083158:WARNING:pe_image_reader.cc(281)] could not read dos header from C:\WINDOWS\SYSTEM32\ADVAPI32.dll
[0531/083158:ERROR:process_reader_win.cc(233)] ReadMemory at 0x64a50000 of 64 bytes failed: Somente uma parte de um pedido ReadProcessMemory ou WriteProcessMemory foi concluída. (0x12B)
[0531/083158:WARNING:pe_image_reader.cc(281)] could not read dos header from C:\Program Files (x86)\Google\Chrome\Application\52.0.2743.10\chrome_elf.dll
[0531/083158:ERROR:process_reader_win.cc(233)] ReadMemory at 0x73f80000 of 64 bytes failed: Somente uma parte de um pedido ReadProcessMemory ou WriteProcessMemory foi concluída. (0x12B)
[0531/083158:WARNING:pe_image_reader.cc(281)] could not read dos header from C:\WINDOWS\SYSTEM32\VERSION.dll
[0531/083158:ERROR:process_reader_win.cc(233)] ReadMemory at 0x76e50000 of 64 bytes failed: Somente uma parte de um pedido ReadProcessMemory ou WriteProcessMemory foi concluída. (0x12B)
[0531/083158:WARNING:pe_image_reader.cc(281)] could not read dos header from C:\WINDOWS\SYSTEM32\cfgmgr32.dll
[0531/083158:ERROR:process_reader_win.cc(233)] ReadMemory at 0x71ff0000 of 64 bytes failed: Somente uma parte de um pedido ReadProcessMemory ou WriteProcessMemory foi concluída. (0x12B)
[0531/083158:WARNING:pe_image_reader.cc(281)] could not read dos header from C:\WINDOWS\SYSTEM32\WINMMBASE.dll
[0531/083158:ERROR:process_reader_win.cc(233)] ReadMemory at 0x74bb0000 of 64 bytes failed: Somente uma parte de um pedido ReadProcessMemory ou WriteProcessMemory foi concluída. (0x12B)
[0531/083158:WARNING:pe_image_reader.cc(281)] could not read dos header from C:\WINDOWS\SYSTEM32\GDI32.dll
[0531/083158:ERROR:process_reader_win.cc(233)] ReadMemory at 0x764f0000 of 64 bytes failed: Somente uma parte de um pedido ReadProcessMemory ou WriteProcessMemory foi concluída. (0x12B)
[0531/083158:WARNING:pe_image_reader.cc(281)] could not read dos header from C:\WINDOWS\SYSTEM32\USER32.dll
[0531/083158:ERROR:process_reader_win.cc(233)] ReadMemory at 0x76b30000 of 64 bytes failed: Somente uma parte de um pedido ReadProcessMemory ou WriteProcessMemory foi concluída. (0x12B)
[0531/083158:WARNING:pe_image_reader.cc(281)] could not read dos header from C:\WINDOWS\SYSTEM32\IMM32.DLL
[0531/083158:ERROR:process_reader_win.cc(233)] ReadMemory at 0x72020000 of 64 bytes failed: Somente uma parte de um pedido ReadProcessMemory ou WriteProcessMemory foi concluída. (0x12B)
[0531/083158:WARNING:pe_image_reader.cc(281)] could not read dos header from C:\WINDOWS\SYSTEM32\WINMM.dll
[0531/083158:ERROR:process_reader_win.cc(233)] ReadMemory at 0x77860000 of 64 bytes failed: Somente uma parte de um pedido ReadProcessMemory ou WriteProcessMemory foi concluída. (0x12B)
[0531/083158:WARNING:pe_image_reader.cc(281)] could not read dos header from C:\WINDOWS\SYSTEM32\profapi.dll
[0531/083158:ERROR:process_reader_win.cc(233)] ReadMemory at 0x73080000 of 64 bytes failed: Somente uma parte de um pedido ReadProcessMemory ou WriteProcessMemory foi concluída. (0x12B)
[0531/083158:WARNING:pe_image_reader.cc(281)] could not read dos header from C:\WINDOWS\SYSTEM32\USERENV.dll
[0531/083158:ERROR:process_reader_win.cc(233)] ReadMemory at 0x73b00000 of 64 bytes failed: Somente uma parte de um pedido ReadProcessMemory ou WriteProcessMemory foi concluída. (0x12B)
[0531/083158:WARNING:pe_image_reader.cc(281)] could not read dos header from C:\WINDOWS\SYSTEM32\WTSAPI32.dll
[0531/083158:ERROR:process_reader_win.cc(233)] ReadMemory at 0x73d70000 of 64 bytes failed: Somente uma parte de um pedido ReadProcessMemory ou WriteProcessMemory foi concluída. (0x12B)
[0531/083158:WARNING:pe_image_reader.cc(281)] could not read dos header from C:\WINDOWS\SYSTEM32\WINHTTP.dll
[0531/083158:ERROR:process_reader_win.cc(233)] ReadMemory at 0x76700000 of 64 bytes failed: Somente uma parte de um pedido ReadProcessMemory ou WriteProcessMemory foi concluída. (0x12B)
[0531/083158:WARNING:pe_image_reader.cc(281)] could not read dos header from C:\WINDOWS\SYSTEM32\combase.dll
[0531/083158:ERROR:process_reader_win.cc(233)] ReadMemory at 0x76e90000 of 64 bytes failed: Somente uma parte de um pedido ReadProcessMemory ou WriteProcessMemory foi concluída. (0x12B)
[0531/083158:WARNING:pe_image_reader.cc(281)] could not read dos header from C:\WINDOWS\SYSTEM32\shlwapi.dll
[0531/083158:ERROR:process_reader_win.cc(233)] ReadMemory at 0x76ee0000 of 64 bytes failed: Somente uma parte de um pedido ReadProcessMemory ou WriteProcessMemory foi concluída. (0x12B)
[0531/083158:WARNING:pe_image_reader.cc(281)] could not read dos header from C:\WINDOWS\SYSTEM32\kernel.appcore.dll
[0531/083158:ERROR:process_reader_win.cc(233)] ReadMemory at 0x74d10000 of 64 bytes failed: Somente uma parte de um pedido ReadProcessMemory ou WriteProcessMemory foi concluída. (0x12B)
[0531/083158:WARNING:pe_image_reader.cc(281)] could not read dos header from C:\WINDOWS\SYSTEM32\shcore.dll
[0531/083158:ERROR:process_reader_win.cc(233)] ReadMemory at 0x777a0000 of 64 bytes failed: Somente uma parte de um pedido ReadProcessMemory ou WriteProcessMemory foi concluída. (0x12B)
[0531/083158:WARNING:pe_image_reader.cc(281)] could not read dos header from C:\WINDOWS\SYSTEM32\powrprof.dll
[0531/083158:ERROR:process_reader_win.cc(233)] ReadMemory at 0x76f50000 of 64 bytes failed: Somente uma parte de um pedido ReadProcessMemory ou WriteProcessMemory foi concluída. (0x12B)
[0531/083158:WARNING:pe_image_reader.cc(281)] could not read dos header from C:\WINDOWS\SYSTEM32\windows.storage.dll
[0531/083158:ERROR:process_reader_win.cc(233)] ReadMemory at 0x74e80000 of 64 bytes failed: Somente uma parte de um pedido ReadProcessMemory ou WriteProcessMemory foi concluída. (0x12B)
[0531/083158:WARNING:pe_image_reader.cc(281)] could not read dos header from C:\WINDOWS\SYSTEM32\SHELL32.dll
[0531/083158:ERROR:process_reader_win.cc(233)] ReadMemory at 0x74ba0000 of 64 bytes failed: Somente uma parte de um pedido ReadProcessMemory ou WriteProcessMemory foi concluída. (0x12B)
[0531/083158:WARNING:pe_image_reader.cc(281)] could not read dos header from C:\WINDOWS\SYSTEM32\PSAPI.DLL
[0531/083158:ERROR:process_reader_win.cc(233)] ReadMemory at 0x73930000 of 64 bytes failed: Somente uma parte de um pedido ReadProcessMemory ou WriteProcessMemory foi concluída. (0x12B)
[0531/083158:WARNING:pe_image_reader.cc(281)] could not read dos header from C:\WINDOWS\SYSTEM32\bcrypt.dll
[0531/083158:ERROR:process_reader_win.cc(233)] ReadMemory at 0x70840000 of 64 bytes failed: Somente uma parte de um pedido ReadProcessMemory ou WriteProcessMemory foi concluída. (0x12B)
[0531/083158:WARNING:pe_image_reader.cc(281)] could not read dos header from C:\WINDOWS\SYSTEM32\WINSPOOL.DRV
[0531/083158:ERROR:process_reader_win.cc(233)] ReadMemory at 0x710b0000 of 64 bytes failed: Somente uma parte de um pedido ReadProcessMemory ou WriteProcessMemory foi concluída. (0x12B)
[0531/083158:WARNING:pe_image_reader.cc(281)] could not read dos header from C:\WINDOWS\WinSxS\x86_microsoft.windows.common-controls_6595b64144ccf1df_6.0.10586.0_none_d3c2e4e965da4528\COMCTL32.dll
[0531/083158:ERROR:process_reader_win.cc(233)] ReadMemory at 0x76a20000 of 64 bytes failed: Somente uma parte de um pedido ReadProcessMemory ou WriteProcessMemory foi concluída. (0x12B)
[0531/083158:WARNING:pe_image_reader.cc(281)] could not read dos header from C:\WINDOWS\SYSTEM32\FirewallAPI.dll
[0531/083158:ERROR:process_reader_win.cc(233)] ReadMemory at 0x64b00000 of 64 bytes failed: Somente uma parte de um pedido ReadProcessMemory ou WriteProcessMemory foi concluída. (0x12B)
[0531/083158:WARNING:pe_image_reader.cc(281)] could not read dos header from C:\WINDOWS\SYSTEM32\fwbase.dll
[0531/083158:ERROR:process_reader_win.cc(233)] ReadMemory at 0x77780000 of 64 bytes failed: Somente uma parte de um pedido ReadProcessMemory ou WriteProcessMemory foi concluída. (0x12B)
[0531/083158:WARNING:pe_image_reader.cc(281)] could not read dos header from C:\WINDOWS\SYSTEM32\NETAPI32.dll
[0531/083158:ERROR:process_reader_win.cc(233)] ReadMemory at 0x70290000 of 64 bytes failed: Somente uma parte de um pedido ReadProcessMemory ou WriteProcessMemory foi concluída. (0x12B)
[0531/083158:WARNING:pe_image_reader.cc(281)] could not read dos header from C:\WINDOWS\SYSTEM32\DAVHLPR.DLL
[0531/083158:ERROR:process_reader_win.cc(233)] ReadMemory at 0x77570000 of 64 bytes failed: Somente uma parte de um pedido ReadProcessMemory ou WriteProcessMemory foi concluída. (0x12B)
[0531/083158:WARNING:pe_image_reader.cc(281)] could not read dos header from C:\WINDOWS\SYSTEM32\COMDLG32.dll
[0531/083158:ERROR:process_reader_win.cc(233)] ReadMemory at 0x76280000 of 64 bytes failed: Somente uma parte de um pedido ReadProcessMemory ou WriteProcessMemory foi concluída. (0x12B)
[0531/083158:WARNING:pe_image_reader.cc(281)] could not read dos header from C:\WINDOWS\SYSTEM32\ole32.dll
[0531/083158:ERROR:process_reader_win.cc(233)] ReadMemory at 0x745c0000 of 64 bytes failed: Somente uma parte de um pedido ReadProcessMemory ou WriteProcessMemory foi concluída. (0x12B)
[0531/083158:WARNING:pe_image_reader.cc(281)] could not read dos header from C:\WINDOWS\SYSTEM32\OLEAUT32.dll
[0531/083158:ERROR:process_reader_win.cc(233)] ReadMemory at 0x73ea0000 of 64 bytes failed: Somente uma parte de um pedido ReadProcessMemory ou WriteProcessMemory foi concluída. (0x12B)
[0531/083158:WARNING:pe_image_reader.cc(281)] could not read dos header from C:\WINDOWS\SYSTEM32\IPHLPAPI.DLL
[0531/083158:ERROR:process_reader_win.cc(233)] ReadMemory at 0x74710000 of 64 bytes failed: Somente uma parte de um pedido ReadProcessMemory ou WriteProcessMemory foi concluída. (0x12B)
[0531/083158:WARNING:pe_image_reader.cc(281)] could not read dos header from C:\WINDOWS\SYSTEM32\WS2_32.dll
[0531/083158:ERROR:process_reader_win.cc(233)] ReadMemory at 0x70360000 of 64 bytes failed: Somente uma parte de um pedido ReadProcessMemory ou WriteProcessMemory foi concluída. (0x12B)
[0531/083158:WARNING:pe_image_reader.cc(281)] could not read dos header from C:\WINDOWS\SYSTEM32\USP10.dll
[0531/083158:ERROR:process_reader_win.cc(233)] ReadMemory at 0x74d00000 of 64 bytes failed: Somente uma parte de um pedido ReadProcessMemory ou WriteProcessMemory foi concluída. (0x12B)
[0531/083158:WARNING:pe_image_reader.cc(281)] could not read dos header from C:\WINDOWS\SYSTEM32\MSASN1.dll
[0531/083158:ERROR:process_reader_win.cc(233)] ReadMemory at 0x76370000 of 64 bytes failed: Somente uma parte de um pedido ReadProcessMemory ou WriteProcessMemory foi concluída. (0x12B)
[0531/083158:WARNING:pe_image_reader.cc(281)] could not read dos header from C:\WINDOWS\SYSTEM32\CRYPT32.dll
[0531/083158:ERROR:process_reader_win.cc(233)] ReadMemory at 0x769d0000 of 64 bytes failed: Somente uma parte de um pedido ReadProcessMemory ou WriteProcessMemory foi concluída. (0x12B)
[0531/083158:WARNING:pe_image_reader.cc(281)] could not read dos header from C:\WINDOWS\SYSTEM32\WINTRUST.dll
[0531/083158:ERROR:process_reader_win.cc(233)] ReadMemory at 0x72050000 of 64 bytes failed: Somente uma parte de um pedido ReadProcessMemory ou WriteProcessMemory foi concluída. (0x12B)
[0531/083158:WARNING:pe_image_reader.cc(281)] could not read dos header from C:\WINDOWS\SYSTEM32\Secur32.dll
[0531/083158:ERROR:process_reader_win.cc(233)] ReadMemory at 0x19d0000 of 64 bytes failed: Somente uma parte de um pedido ReadProcessMemory ou WriteProcessMemory foi concluída. (0x12B)
[0531/083158:WARNING:pe_image_reader.cc(281)] could not read dos header from C:\Program Files (x86)\Google\Chrome\Application\52.0.2743.10\chrome_child.dll
[0531/083158:ERROR:process_reader_win.cc(233)] ReadMemory at 0x649e0000 of 64 bytes failed: Somente uma parte de um pedido ReadProcessMemory ou WriteProcessMemory foi concluída. (0x12B)
[0531/083158:WARNING:pe_image_reader.cc(281)] could not read dos header from C:\Program Files\AVAST Software\Avast\aswJsFlt.dll
[0531/083158:ERROR:process_reader_win.cc(233)] ReadMemory at 0x74230000 of 64 bytes failed: Somente uma parte de um pedido ReadProcessMemory ou WriteProcessMemory foi concluída. (0x12B)
[0531/083158:WARNING:pe_image_reader.cc(281)] could not read dos header from C:\WINDOWS\WinSxS\x86_avast.vc110.crt_2036b14a11e83e4a_11.0.60610.1_none_1d37a43bbfe1dc9c\MSVCR110.dll
[0531/083158:ERROR:process_reader_win.cc(233)] ReadMemory at 0x74310000 of 64 bytes failed: Somente uma parte de um pedido ReadProcessMemory ou WriteProcessMemory foi concluída. (0x12B)
[0531/083158:WARNING:pe_image_reader.cc(281)] could not read dos header from C:\PROGRA~1\AVASTS~1\Avast\aswCmnIS.dll
[0531/083158:ERROR:process_reader_win.cc(233)] ReadMemory at 0x74370000 of 64 bytes failed: Somente uma parte de um pedido ReadProcessMemory ou WriteProcessMemory foi concluída. (0x12B)
[0531/083158:WARNING:pe_image_reader.cc(281)] could not read dos header from C:\WINDOWS\WinSxS\x86_avast.vc110.crt_2036b14a11e83e4a_11.0.60610.1_none_1d37a43bbfe1dc9c\MSVCP110.dll
[0531/083158:ERROR:process_reader_win.cc(233)] ReadMemory at 0x74200000 of 64 bytes failed: Somente uma parte de um pedido ReadProcessMemory ou WriteProcessMemory foi concluída. (0x12B)
[0531/083158:WARNING:pe_image_reader.cc(281)] could not read dos header from C:\PROGRA~1\AVASTS~1\Avast\aswCmnOS.dll
[0531/083158:ERROR:process_reader_win.cc(233)] ReadMemory at 0x74510000 of 64 bytes failed: Somente uma parte de um pedido ReadProcessMemory ou WriteProcessMemory foi concluída. (0x12B)
[0531/083158:WARNING:pe_image_reader.cc(281)] could not read dos header from C:\PROGRA~1\AVASTS~1\Avast\aswCmnBS.dll
[0531/083158:ERROR:process_reader_win.cc(233)] ReadMemory at 0x74570000 of 64 bytes failed: Somente uma parte de um pedido ReadProcessMemory ou WriteProcessMemory foi concluída. (0x12B)
[0531/083158:WARNING:pe_image_reader.cc(281)] could not read dos header from C:\PROGRA~1\AVASTS~1\Avast\log.dll
[0531/083158:ERROR:process_reader_win.cc(233)] ReadMemory at 0x74660000 of 64 bytes failed: Somente uma parte de um pedido ReadProcessMemory ou WriteProcessMemory foi concluída. (0x12B)
[0531/083158:WARNING:pe_image_reader.cc(281)] could not read dos header from C:\WINDOWS\SYSTEM32\NSI.dll
[0531/083158:ERROR:process_reader_win.cc(233)] ReadMemory at 0x73e10000 of 64 bytes failed: Somente uma parte de um pedido ReadProcessMemory ou WriteProcessMemory foi concluída. (0x12B)
[0531/083158:WARNING:pe_image_reader.cc(281)] could not read dos header from C:\WINDOWS\SYSTEM32\DNSAPI.dll
[0531/083158:ERROR:process_reader_win.cc(233)] ReadMemory at 0x73ed0000 of 64 bytes failed: Somente uma parte de um pedido ReadProcessMemory ou WriteProcessMemory foi concluída. (0x12B)
[0531/083158:WARNING:pe_image_reader.cc(281)] could not read dos header from C:\PROGRA~1\AVASTS~1\Avast\commchannel.dll
[0531/083158:ERROR:process_reader_win.cc(233)] ReadMemory at 0x73730000 of 64 bytes failed: Somente uma parte de um pedido ReadProcessMemory ou WriteProcessMemory foi concluída. (0x12B)
[0531/083158:WARNING:pe_image_reader.cc(281)] could not read dos header from C:\PROGRA~1\AVASTS~1\Avast\JsonRpcServer.dll
[0531/083158:ERROR:process_reader_win.cc(233)] ReadMemory at 0x741c0000 of 64 bytes failed: Somente uma parte de um pedido ReadProcessMemory ou WriteProcessMemory foi concluída. (0x12B)
[0531/083158:WARNING:pe_image_reader.cc(281)] could not read dos header from C:\PROGRA~1\AVASTS~1\Avast\avastIP.dll
[0531/083158:ERROR:process_reader_win.cc(233)] ReadMemory at 0x741e0000 of 64 bytes failed: Somente uma parte de um pedido ReadProcessMemory ou WriteProcessMemory foi concluída. (0x12B)
[0531/083158:WARNING:pe_image_reader.cc(281)] could not read dos header from C:\PROGRA~1\AVASTS~1\Avast\aswEngLdr.dll
[0531/083158:ERROR:process_reader_win.cc(233)] ReadMemory at 0x73020000 of 64 bytes failed: Somente uma parte de um pedido ReadProcessMemory ou WriteProcessMemory foi concluída. (0x12B)
[0531/083158:WARNING:pe_image_reader.cc(281)] could not read dos header from C:\PROGRA~1\AVASTS~1\Avast\AavmRpch.dll
[0531/083158:ERROR:process_reader_win.cc(233)] ReadMemory at 0x73f70000 of 64 bytes failed: Somente uma parte de um pedido ReadProcessMemory ou WriteProcessMemory foi concluída. (0x12B)
[0531/083158:WARNING:pe_image_reader.cc(281)] could not read dos header from C:\WINDOWS\SYSTEM32\WSOCK32.dll
[0531/083158:ERROR:process_reader_win.cc(233)] ReadMemory at 0x74790000 of 64 bytes failed: Somente uma parte de um pedido ReadProcessMemory ou WriteProcessMemory foi concluída. (0x12B)
[0531/083158:WARNING:pe_image_reader.cc(281)] could not read dos header from C:\WINDOWS\SYSTEM32\SETUPAPI.dll
[0531/083158:ERROR:process_reader_win.cc(233)] ReadMemory at 0x73f90000 of 64 bytes failed: Somente uma parte de um pedido ReadProcessMemory ou WriteProcessMemory foi concluída. (0x12B)
[0531/083158:WARNING:pe_image_reader.cc(281)] could not read dos header from C:\WINDOWS\SYSTEM32\WININET.dll
[0531/083158:ERROR:process_reader_win.cc(233)] ReadMemory at 0x74400000 of 64 bytes failed: Somente uma parte de um pedido ReadProcessMemory ou WriteProcessMemory foi concluída. (0x12B)
[0531/083158:WARNING:pe_image_reader.cc(281)] could not read dos header from C:\PROGRA~1\AVASTS~1\Avast\ashBase.dll
[0531/083158:ERROR:process_reader_win.cc(233)] ReadMemory at 0x73140000 of 64 bytes failed: Somente uma parte de um pedido ReadProcessMemory ou WriteProcessMemory foi concluída. (0x12B)
[0531/083158:WARNING:pe_image_reader.cc(281)] could not read dos header from C:\PROGRA~1\AVASTS~1\Avast\aswAux.dll
[0531/083158:ERROR:process_reader_win.cc(233)] ReadMemory at 0x732c0000 of 64 bytes failed: Somente uma parte de um pedido ReadProcessMemory ou WriteProcessMemory foi concluída. (0x12B)
[0531/083158:WARNING:pe_image_reader.cc(281)] could not read dos header from C:\PROGRA~1\AVASTS~1\Avast\ashTask.dll
[0531/083158:ERROR:process_reader_win.cc(233)] ReadMemory at 0x73000000 of 64 bytes failed: Somente uma parte de um pedido ReadProcessMemory ou WriteProcessMemory foi concluída. (0x12B)
[0531/083158:WARNING:pe_image_reader.cc(281)] could not read dos header from C:\WINDOWS\SYSTEM32\SRVCLI.DLL
[0531/083158:ERROR:process_reader_win.cc(233)] ReadMemory at 0x72ff0000 of 64 bytes failed: Somente uma parte de um pedido ReadProcessMemory ou WriteProcessMemory foi concluída. (0x12B)
[0531/083158:WARNING:pe_image_reader.cc(281)] could not read dos header from C:\WINDOWS\SYSTEM32\NETUTILS.DLL
[0531/083158:ERROR:process_reader_win.cc(233)] ReadMemory at 0x733e0000 of 64 bytes failed: Somente uma parte de um pedido ReadProcessMemory ou WriteProcessMemory foi concluída. (0x12B)
[0531/083158:WARNING:pe_image_reader.cc(281)] could not read dos header from C:\PROGRA~1\AVASTS~1\Avast\Aavm4h.dll
[0531/083158:ERROR:process_reader_win.cc(233)] ReadMemory at 0x6a390000 of 64 bytes failed: Somente uma parte de um pedido ReadProcessMemory ou WriteProcessMemory foi concluída. (0x12B)
[0531/083158:WARNING:pe_image_reader.cc(281)] could not read dos header from C:\WINDOWS\SYSTEM32\dwrite.dll
[0531/083158:ERROR:process_reader_win.cc(233)] ReadMemory at 0x3cfbb4 of 12 bytes failed: Somente uma parte de um pedido ReadProcessMemory ou WriteProcessMemory foi concluída. (0x12B)
[0531/083158:WARNING:process_snapshot_win.cc(104)] ReadMemory ExceptionInformation failed
[0531/083158:WARNING:crash_report_exception_handler.cc(60)] ProcessSnapshotWin::InitializeException failed
[0531/083158:ERROR:scoped_process_suspend.cc(38)] NtResumeProcess, ntstatus=-1073741558
